<?xml version="1.0" encoding="UTF-8"?>
<!-- Generated by org.testng.reporters.JUnitXMLReporter -->
<testsuite hostname="ip-172-31-64-7" ignored="1" name="Application1 Test" tests="1" failures="0" timestamp="2021-06-27T04:26:55 UTC" time="0.082" errors="0">
  <testcase name="@BeforeMethod setup" time="0.035" classname="Test.Baseclass">
    <failure type="java.lang.IllegalStateException" message="The driver is not executable: /home/akshathachowtag/eclipse-workspace/MavenProject/chromedriver">
      <![CDATA[java.lang.IllegalStateException: The driver is not executable: /home/akshathachowtag/eclipse-workspace/MavenProject/chromedriver
at com.google.common.base.Preconditions.checkState(Preconditions.java:585)
at org.openqa.selenium.remote.service.DriverService.checkExecutable(DriverService.java:150)
at org.openqa.selenium.remote.service.DriverService.findExecutable(DriverService.java:141)
at org.openqa.selenium.chrome.ChromeDriverService.access$000(ChromeDriverService.java:35)
at org.openqa.selenium.chrome.ChromeDriverService$Builder.findDefaultExecutable(ChromeDriverService.java:159)
at org.openqa.selenium.remote.service.DriverService$Builder.build(DriverService.java:355)
at org.openqa.selenium.chrome.ChromeDriverService.createDefaultService(ChromeDriverService.java:94)
at org.openqa.selenium.chrome.ChromeDriver.<init>(ChromeDriver.java:123)
at Test.Baseclass.setup(Baseclass.java:36)
at java.util.ArrayList.forEach(ArrayList.java:1259)
... Removed 31 stack frames]]>
    </failure>
  </testcase> <!-- @BeforeMethod setup -->
  <testcase name="@AfterMethod teardown" time="-1.624768015224E9" classname="Test.Baseclass">
    <skipped/>
  </testcase> <!-- @AfterMethod teardown -->
  <testcase name="LoginTestcase2" time="0.0" classname="Test.LoginTest">
    <skipped/>
  </testcase> <!-- LoginTestcase2 -->
  <testcase name="LoginTestcase" time="0.0" classname="Test.LoginTest">
    <ignored/>
  </testcase> <!-- LoginTestcase -->
</testsuite> <!-- Application1 Test -->
